
AVRASM ver. 2.1.30  C:\Users\Parsa_1212\Desktop\avr\aaaaaaaaaaaaaaaaaaa\Debug\List\a.asm Sun Oct 03 19:35:34 2021

C:\Users\Parsa_1212\Desktop\avr\aaaaaaaaaaaaaaaaaaa\Debug\List\a.asm(1088): warning: Register r4 already defined by the .DEF directive
C:\Users\Parsa_1212\Desktop\avr\aaaaaaaaaaaaaaaaaaa\Debug\List\a.asm(1089): warning: Register r5 already defined by the .DEF directive
C:\Users\Parsa_1212\Desktop\avr\aaaaaaaaaaaaaaaaaaa\Debug\List\a.asm(1090): warning: Register r7 already defined by the .DEF directive
C:\Users\Parsa_1212\Desktop\avr\aaaaaaaaaaaaaaaaaaa\Debug\List\a.asm(1091): warning: Register r6 already defined by the .DEF directive
C:\Users\Parsa_1212\Desktop\avr\aaaaaaaaaaaaaaaaaaa\Debug\List\a.asm(1092): warning: Register r9 already defined by the .DEF directive
                 
                 
                 ;CodeVisionAVR C Compiler V3.12 Advanced
                 ;(C) Copyright 1998-2014 Pavel Haiduc, HP InfoTech s.r.l.
                 ;http://www.hpinfotech.com
                 
                 ;Build configuration    : Debug
                 ;Chip type              : ATmega16
                 ;Program type           : Application
                 ;Clock frequency        : 8.000000 MHz
                 ;Memory model           : Small
                 ;Optimize for           : Size
                 ;(s)printf features     : int, width
                 ;(s)scanf features      : int, width
                 ;External RAM size      : 0
                 ;Data Stack size        : 256 byte(s)
                 ;Heap size              : 0 byte(s)
                 ;Promote 'char' to 'int': Yes
                 ;'char' is unsigned     : Yes
                 ;8 bit enums            : Yes
                 ;Global 'const' stored in FLASH: Yes
                 ;Enhanced function parameter passing: Yes
                 ;Enhanced core instructions: On
                 ;Automatic register allocation for global variables: On
                 ;Smart register allocation: On
                 
                 	#define _MODEL_SMALL_
                 
                 	#pragma AVRPART ADMIN PART_NAME ATmega16
                 	#pragma AVRPART MEMORY PROG_FLASH 16384
                 	#pragma AVRPART MEMORY EEPROM 512
                 	#pragma AVRPART MEMORY INT_SRAM SIZE 1024
                 	#pragma AVRPART MEMORY INT_SRAM START_ADDR 0x60
                 
                 	#define CALL_SUPPORTED 1
                 
                 	.LISTMAC
                 	.EQU UDRE=0x5
                 	.EQU RXC=0x7
                 	.EQU USR=0xB
                 	.EQU UDR=0xC
                 	.EQU SPSR=0xE
                 	.EQU SPDR=0xF
                 	.EQU EERE=0x0
                 	.EQU EEWE=0x1
                 	.EQU EEMWE=0x2
                 	.EQU EECR=0x1C
                 	.EQU EEDR=0x1D
                 	.EQU EEARL=0x1E
                 	.EQU EEARH=0x1F
                 	.EQU WDTCR=0x21
                 	.EQU MCUCR=0x35
                 	.EQU GICR=0x3B
                 	.EQU SPL=0x3D
                 	.EQU SPH=0x3E
                 	.EQU SREG=0x3F
                 
                 	.DEF R0X0=R0
                 	.DEF R0X1=R1
                 	.DEF R0X2=R2
                 	.DEF R0X3=R3
                 	.DEF R0X4=R4
                 	.DEF R0X5=R5
                 	.DEF R0X6=R6
                 	.DEF R0X7=R7
                 	.DEF R0X8=R8
                 	.DEF R0X9=R9
                 	.DEF R0XA=R10
                 	.DEF R0XB=R11
                 	.DEF R0XC=R12
                 	.DEF R0XD=R13
                 	.DEF R0XE=R14
                 	.DEF R0XF=R15
                 	.DEF R0X10=R16
                 	.DEF R0X11=R17
                 	.DEF R0X12=R18
                 	.DEF R0X13=R19
                 	.DEF R0X14=R20
                 	.DEF R0X15=R21
                 	.DEF R0X16=R22
                 	.DEF R0X17=R23
                 	.DEF R0X18=R24
                 	.DEF R0X19=R25
                 	.DEF R0X1A=R26
                 	.DEF R0X1B=R27
                 	.DEF R0X1C=R28
                 	.DEF R0X1D=R29
                 	.DEF R0X1E=R30
                 	.DEF R0X1F=R31
                 
                 	.EQU __SRAM_START=0x0060
                 	.EQU __SRAM_END=0x045F
                 	.EQU __DSTACK_SIZE=0x0100
                 	.EQU __HEAP_SIZE=0x0000
                 	.EQU __CLEAR_SRAM_SIZE=__SRAM_END-__SRAM_START+1
                 
                 	.MACRO __CPD1N
                 	CPI  R30,LOW(@0)
                 	LDI  R26,HIGH(@0)
                 	CPC  R31,R26
                 	LDI  R26,BYTE3(@0)
                 	CPC  R22,R26
                 	LDI  R26,BYTE4(@0)
                 	CPC  R23,R26
                 	.ENDM
                 
                 	.MACRO __CPD2N
                 	CPI  R26,LOW(@0)
                 	LDI  R30,HIGH(@0)
                 	CPC  R27,R30
                 	LDI  R30,BYTE3(@0)
                 	CPC  R24,R30
                 	LDI  R30,BYTE4(@0)
                 	CPC  R25,R30
                 	.ENDM
                 
                 	.MACRO __CPWRR
                 	CP   R@0,R@2
                 	CPC  R@1,R@3
                 	.ENDM
                 
                 	.MACRO __CPWRN
                 	CPI  R@0,LOW(@2)
                 	LDI  R30,HIGH(@2)
                 	CPC  R@1,R30
                 	.ENDM
                 
                 	.MACRO __ADDB1MN
                 	SUBI R30,LOW(-@0-(@1))
                 	.ENDM
                 
                 	.MACRO __ADDB2MN
                 	SUBI R26,LOW(-@0-(@1))
                 	.ENDM
                 
                 	.MACRO __ADDW1MN
                 	SUBI R30,LOW(-@0-(@1))
                 	SBCI R31,HIGH(-@0-(@1))
                 	.ENDM
                 
                 	.MACRO __ADDW2MN
                 	SUBI R26,LOW(-@0-(@1))
                 	SBCI R27,HIGH(-@0-(@1))
                 	.ENDM
                 
                 	.MACRO __ADDW1FN
                 	SUBI R30,LOW(-2*@0-(@1))
                 	SBCI R31,HIGH(-2*@0-(@1))
                 	.ENDM
                 
                 	.MACRO __ADDD1FN
                 	SUBI R30,LOW(-2*@0-(@1))
                 	SBCI R31,HIGH(-2*@0-(@1))
                 	SBCI R22,BYTE3(-2*@0-(@1))
                 	.ENDM
                 
                 	.MACRO __ADDD1N
                 	SUBI R30,LOW(-@0)
                 	SBCI R31,HIGH(-@0)
                 	SBCI R22,BYTE3(-@0)
                 	SBCI R23,BYTE4(-@0)
                 	.ENDM
                 
                 	.MACRO __ADDD2N
                 	SUBI R26,LOW(-@0)
                 	SBCI R27,HIGH(-@0)
                 	SBCI R24,BYTE3(-@0)
                 	SBCI R25,BYTE4(-@0)
                 	.ENDM
                 
                 	.MACRO __SUBD1N
                 	SUBI R30,LOW(@0)
                 	SBCI R31,HIGH(@0)
                 	SBCI R22,BYTE3(@0)
                 	SBCI R23,BYTE4(@0)
                 	.ENDM
                 
                 	.MACRO __SUBD2N
                 	SUBI R26,LOW(@0)
                 	SBCI R27,HIGH(@0)
                 	SBCI R24,BYTE3(@0)
                 	SBCI R25,BYTE4(@0)
                 	.ENDM
                 
                 	.MACRO __ANDBMNN
                 	LDS  R30,@0+(@1)
                 	ANDI R30,LOW(@2)
                 	STS  @0+(@1),R30
                 	.ENDM
                 
                 	.MACRO __ANDWMNN
                 	LDS  R30,@0+(@1)
                 	ANDI R30,LOW(@2)
                 	STS  @0+(@1),R30
                 	LDS  R30,@0+(@1)+1
                 	ANDI R30,HIGH(@2)
                 	STS  @0+(@1)+1,R30
                 	.ENDM
                 
                 	.MACRO __ANDD1N
                 	ANDI R30,LOW(@0)
                 	ANDI R31,HIGH(@0)
                 	ANDI R22,BYTE3(@0)
                 	ANDI R23,BYTE4(@0)
                 	.ENDM
                 
                 	.MACRO __ANDD2N
                 	ANDI R26,LOW(@0)
                 	ANDI R27,HIGH(@0)
                 	ANDI R24,BYTE3(@0)
                 	ANDI R25,BYTE4(@0)
                 	.ENDM
                 
                 	.MACRO __ORBMNN
                 	LDS  R30,@0+(@1)
                 	ORI  R30,LOW(@2)
                 	STS  @0+(@1),R30
                 	.ENDM
                 
                 	.MACRO __ORWMNN
                 	LDS  R30,@0+(@1)
                 	ORI  R30,LOW(@2)
                 	STS  @0+(@1),R30
                 	LDS  R30,@0+(@1)+1
                 	ORI  R30,HIGH(@2)
                 	STS  @0+(@1)+1,R30
                 	.ENDM
                 
                 	.MACRO __ORD1N
                 	ORI  R30,LOW(@0)
                 	ORI  R31,HIGH(@0)
                 	ORI  R22,BYTE3(@0)
                 	ORI  R23,BYTE4(@0)
                 	.ENDM
                 
                 	.MACRO __ORD2N
                 	ORI  R26,LOW(@0)
                 	ORI  R27,HIGH(@0)
                 	ORI  R24,BYTE3(@0)
                 	ORI  R25,BYTE4(@0)
                 	.ENDM
                 
                 	.MACRO __DELAY_USB
                 	LDI  R24,LOW(@0)
                 __DELAY_USB_LOOP:
                 	DEC  R24
                 	BRNE __DELAY_USB_LOOP
                 	.ENDM
                 
                 	.MACRO __DELAY_USW
                 	LDI  R24,LOW(@0)
                 	LDI  R25,HIGH(@0)
                 __DELAY_USW_LOOP:
                 	SBIW R24,1
                 	BRNE __DELAY_USW_LOOP
                 	.ENDM
                 
                 	.MACRO __GETD1S
                 	LDD  R30,Y+@0
                 	LDD  R31,Y+@0+1
                 	LDD  R22,Y+@0+2
                 	LDD  R23,Y+@0+3
                 	.ENDM
                 
                 	.MACRO __GETD2S
                 	LDD  R26,Y+@0
                 	LDD  R27,Y+@0+1
                 	LDD  R24,Y+@0+2
                 	LDD  R25,Y+@0+3
                 	.ENDM
                 
                 	.MACRO __PUTD1S
                 	STD  Y+@0,R30
                 	STD  Y+@0+1,R31
                 	STD  Y+@0+2,R22
                 	STD  Y+@0+3,R23
                 	.ENDM
                 
                 	.MACRO __PUTD2S
                 	STD  Y+@0,R26
                 	STD  Y+@0+1,R27
                 	STD  Y+@0+2,R24
                 	STD  Y+@0+3,R25
                 	.ENDM
                 
                 	.MACRO __PUTDZ2
                 	STD  Z+@0,R26
                 	STD  Z+@0+1,R27
                 	STD  Z+@0+2,R24
                 	STD  Z+@0+3,R25
                 	.ENDM
                 
                 	.MACRO __CLRD1S
                 	STD  Y+@0,R30
                 	STD  Y+@0+1,R30
                 	STD  Y+@0+2,R30
                 	STD  Y+@0+3,R30
                 	.ENDM
                 
                 	.MACRO __POINTB1MN
                 	LDI  R30,LOW(@0+(@1))
                 	.ENDM
                 
                 	.MACRO __POINTW1MN
                 	LDI  R30,LOW(@0+(@1))
                 	LDI  R31,HIGH(@0+(@1))
                 	.ENDM
                 
                 	.MACRO __POINTD1M
                 	LDI  R30,LOW(@0)
                 	LDI  R31,HIGH(@0)
                 	LDI  R22,BYTE3(@0)
                 	LDI  R23,BYTE4(@0)
                 	.ENDM
                 
                 	.MACRO __POINTW1FN
                 	LDI  R30,LOW(2*@0+(@1))
                 	LDI  R31,HIGH(2*@0+(@1))
                 	.ENDM
                 
                 	.MACRO __POINTD1FN
                 	LDI  R30,LOW(2*@0+(@1))
                 	LDI  R31,HIGH(2*@0+(@1))
                 	LDI  R22,BYTE3(2*@0+(@1))
                 	LDI  R23,BYTE4(2*@0+(@1))
                 	.ENDM
                 
                 	.MACRO __POINTB2MN
                 	LDI  R26,LOW(@0+(@1))
                 	.ENDM
                 
                 	.MACRO __POINTW2MN
                 	LDI  R26,LOW(@0+(@1))
                 	LDI  R27,HIGH(@0+(@1))
                 	.ENDM
                 
                 	.MACRO __POINTW2FN
                 	LDI  R26,LOW(2*@0+(@1))
                 	LDI  R27,HIGH(2*@0+(@1))
                 	.ENDM
                 
                 	.MACRO __POINTD2FN
                 	LDI  R26,LOW(2*@0+(@1))
                 	LDI  R27,HIGH(2*@0+(@1))
                 	LDI  R24,BYTE3(2*@0+(@1))
                 	LDI  R25,BYTE4(2*@0+(@1))
                 	.ENDM
                 
                 	.MACRO __POINTBRM
                 	LDI  R@0,LOW(@1)
                 	.ENDM
                 
                 	.MACRO __POINTWRM
                 	LDI  R@0,LOW(@2)
                 	LDI  R@1,HIGH(@2)
                 	.ENDM
                 
                 	.MACRO __POINTBRMN
                 	LDI  R@0,LOW(@1+(@2))
                 	.ENDM
                 
                 	.MACRO __POINTWRMN
                 	LDI  R@0,LOW(@2+(@3))
                 	LDI  R@1,HIGH(@2+(@3))
                 	.ENDM
                 
                 	.MACRO __POINTWRFN
                 	LDI  R@0,LOW(@2*2+(@3))
                 	LDI  R@1,HIGH(@2*2+(@3))
                 	.ENDM
                 
                 	.MACRO __GETD1N
                 	LDI  R30,LOW(@0)
                 	LDI  R31,HIGH(@0)
                 	LDI  R22,BYTE3(@0)
                 	LDI  R23,BYTE4(@0)
                 	.ENDM
                 
                 	.MACRO __GETD2N
                 	LDI  R26,LOW(@0)
                 	LDI  R27,HIGH(@0)
                 	LDI  R24,BYTE3(@0)
                 	LDI  R25,BYTE4(@0)
                 	.ENDM
                 
                 	.MACRO __GETB1MN
                 	LDS  R30,@0+(@1)
                 	.ENDM
                 
                 	.MACRO __GETB1HMN
                 	LDS  R31,@0+(@1)
                 	.ENDM
                 
                 	.MACRO __GETW1MN
                 	LDS  R30,@0+(@1)
                 	LDS  R31,@0+(@1)+1
                 	.ENDM
                 
                 	.MACRO __GETD1MN
                 	LDS  R30,@0+(@1)
                 	LDS  R31,@0+(@1)+1
                 	LDS  R22,@0+(@1)+2
                 	LDS  R23,@0+(@1)+3
                 	.ENDM
                 
                 	.MACRO __GETBRMN
                 	LDS  R@0,@1+(@2)
                 	.ENDM
                 
                 	.MACRO __GETWRMN
                 	LDS  R@0,@2+(@3)
                 	LDS  R@1,@2+(@3)+1
                 	.ENDM
                 
                 	.MACRO __GETWRZ
                 	LDD  R@0,Z+@2
                 	LDD  R@1,Z+@2+1
                 	.ENDM
                 
                 	.MACRO __GETD2Z
                 	LDD  R26,Z+@0
                 	LDD  R27,Z+@0+1
                 	LDD  R24,Z+@0+2
                 	LDD  R25,Z+@0+3
                 	.ENDM
                 
                 	.MACRO __GETB2MN
                 	LDS  R26,@0+(@1)
                 	.ENDM
                 
                 	.MACRO __GETW2MN
                 	LDS  R26,@0+(@1)
                 	LDS  R27,@0+(@1)+1
                 	.ENDM
                 
                 	.MACRO __GETD2MN
                 	LDS  R26,@0+(@1)
                 	LDS  R27,@0+(@1)+1
                 	LDS  R24,@0+(@1)+2
                 	LDS  R25,@0+(@1)+3
                 	.ENDM
                 
                 	.MACRO __PUTB1MN
                 	STS  @0+(@1),R30
                 	.ENDM
                 
                 	.MACRO __PUTW1MN
                 	STS  @0+(@1),R30
                 	STS  @0+(@1)+1,R31
                 	.ENDM
                 
                 	.MACRO __PUTD1MN
                 	STS  @0+(@1),R30
                 	STS  @0+(@1)+1,R31
                 	STS  @0+(@1)+2,R22
                 	STS  @0+(@1)+3,R23
                 	.ENDM
                 
                 	.MACRO __PUTB1EN
                 	LDI  R26,LOW(@0+(@1))
                 	LDI  R27,HIGH(@0+(@1))
                 	CALL __EEPROMWRB
                 	.ENDM
                 
                 	.MACRO __PUTW1EN
                 	LDI  R26,LOW(@0+(@1))
                 	LDI  R27,HIGH(@0+(@1))
                 	CALL __EEPROMWRW
                 	.ENDM
                 
                 	.MACRO __PUTD1EN
                 	LDI  R26,LOW(@0+(@1))
                 	LDI  R27,HIGH(@0+(@1))
                 	CALL __EEPROMWRD
                 	.ENDM
                 
                 	.MACRO __PUTBR0MN
                 	STS  @0+(@1),R0
                 	.ENDM
                 
                 	.MACRO __PUTBMRN
                 	STS  @0+(@1),R@2
                 	.ENDM
                 
                 	.MACRO __PUTWMRN
                 	STS  @0+(@1),R@2
                 	STS  @0+(@1)+1,R@3
                 	.ENDM
                 
                 	.MACRO __PUTBZR
                 	STD  Z+@1,R@0
                 	.ENDM
                 
                 	.MACRO __PUTWZR
                 	STD  Z+@2,R@0
                 	STD  Z+@2+1,R@1
                 	.ENDM
                 
                 	.MACRO __GETW1R
                 	MOV  R30,R@0
                 	MOV  R31,R@1
                 	.ENDM
                 
                 	.MACRO __GETW2R
                 	MOV  R26,R@0
                 	MOV  R27,R@1
                 	.ENDM
                 
                 	.MACRO __GETWRN
                 	LDI  R@0,LOW(@2)
                 	LDI  R@1,HIGH(@2)
                 	.ENDM
                 
                 	.MACRO __PUTW1R
                 	MOV  R@0,R30
                 	MOV  R@1,R31
                 	.ENDM
                 
                 	.MACRO __PUTW2R
                 	MOV  R@0,R26
                 	MOV  R@1,R27
                 	.ENDM
                 
                 	.MACRO __ADDWRN
                 	SUBI R@0,LOW(-@2)
                 	SBCI R@1,HIGH(-@2)
                 	.ENDM
                 
                 	.MACRO __ADDWRR
                 	ADD  R@0,R@2
                 	ADC  R@1,R@3
                 	.ENDM
                 
                 	.MACRO __SUBWRN
                 	SUBI R@0,LOW(@2)
                 	SBCI R@1,HIGH(@2)
                 	.ENDM
                 
                 	.MACRO __SUBWRR
                 	SUB  R@0,R@2
                 	SBC  R@1,R@3
                 	.ENDM
                 
                 	.MACRO __ANDWRN
                 	ANDI R@0,LOW(@2)
                 	ANDI R@1,HIGH(@2)
                 	.ENDM
                 
                 	.MACRO __ANDWRR
                 	AND  R@0,R@2
                 	AND  R@1,R@3
                 	.ENDM
                 
                 	.MACRO __ORWRN
                 	ORI  R@0,LOW(@2)
                 	ORI  R@1,HIGH(@2)
                 	.ENDM
                 
                 	.MACRO __ORWRR
                 	OR   R@0,R@2
                 	OR   R@1,R@3
                 	.ENDM
                 
                 	.MACRO __EORWRR
                 	EOR  R@0,R@2
                 	EOR  R@1,R@3
                 	.ENDM
                 
                 	.MACRO __GETWRS
                 	LDD  R@0,Y+@2
                 	LDD  R@1,Y+@2+1
                 	.ENDM
                 
                 	.MACRO __PUTBSR
                 	STD  Y+@1,R@0
                 	.ENDM
                 
                 	.MACRO __PUTWSR
                 	STD  Y+@2,R@0
                 	STD  Y+@2+1,R@1
                 	.ENDM
                 
                 	.MACRO __MOVEWRR
                 	MOV  R@0,R@2
                 	MOV  R@1,R@3
                 	.ENDM
                 
                 	.MACRO __INWR
                 	IN   R@0,@2
                 	IN   R@1,@2+1
                 	.ENDM
                 
                 	.MACRO __OUTWR
                 	OUT  @2+1,R@1
                 	OUT  @2,R@0
                 	.ENDM
                 
                 	.MACRO __CALL1MN
                 	LDS  R30,@0+(@1)
                 	LDS  R31,@0+(@1)+1
                 	ICALL
                 	.ENDM
                 
                 	.MACRO __CALL1FN
                 	LDI  R30,LOW(2*@0+(@1))
                 	LDI  R31,HIGH(2*@0+(@1))
                 	CALL __GETW1PF
                 	ICALL
                 	.ENDM
                 
                 	.MACRO __CALL2EN
                 	PUSH R26
                 	PUSH R27
                 	LDI  R26,LOW(@0+(@1))
                 	LDI  R27,HIGH(@0+(@1))
                 	CALL __EEPROMRDW
                 	POP  R27
                 	POP  R26
                 	ICALL
                 	.ENDM
                 
                 	.MACRO __CALL2EX
                 	SUBI R26,LOW(-@0)
                 	SBCI R27,HIGH(-@0)
                 	CALL __EEPROMRDD
                 	ICALL
                 	.ENDM
                 
                 	.MACRO __GETW1STACK
                 	IN   R30,SPL
                 	IN   R31,SPH
                 	ADIW R30,@0+1
                 	LD   R0,Z+
                 	LD   R31,Z
                 	MOV  R30,R0
                 	.ENDM
                 
                 	.MACRO __GETD1STACK
                 	IN   R30,SPL
                 	IN   R31,SPH
                 	ADIW R30,@0+1
                 	LD   R0,Z+
                 	LD   R1,Z+
                 	LD   R22,Z
                 	MOVW R30,R0
                 	.ENDM
                 
                 	.MACRO __NBST
                 	BST  R@0,@1
                 	IN   R30,SREG
                 	LDI  R31,0x40
                 	EOR  R30,R31
                 	OUT  SREG,R30
                 	.ENDM
                 
                 
                 	.MACRO __PUTB1SN
                 	LDD  R26,Y+@0
                 	LDD  R27,Y+@0+1
                 	SUBI R26,LOW(-@1)
                 	SBCI R27,HIGH(-@1)
                 	ST   X,R30
                 	.ENDM
                 
                 	.MACRO __PUTW1SN
                 	LDD  R26,Y+@0
                 	LDD  R27,Y+@0+1
                 	SUBI R26,LOW(-@1)
                 	SBCI R27,HIGH(-@1)
                 	ST   X+,R30
                 	ST   X,R31
                 	.ENDM
                 
                 	.MACRO __PUTD1SN
                 	LDD  R26,Y+@0
                 	LDD  R27,Y+@0+1
                 	SUBI R26,LOW(-@1)
                 	SBCI R27,HIGH(-@1)
                 	CALL __PUTDP1
                 	.ENDM
                 
                 	.MACRO __PUTB1SNS
                 	LDD  R26,Y+@0
                 	LDD  R27,Y+@0+1
                 	ADIW R26,@1
                 	ST   X,R30
                 	.ENDM
                 
                 	.MACRO __PUTW1SNS
                 	LDD  R26,Y+@0
                 	LDD  R27,Y+@0+1
                 	ADIW R26,@1
                 	ST   X+,R30
                 	ST   X,R31
                 	.ENDM
                 
                 	.MACRO __PUTD1SNS
                 	LDD  R26,Y+@0
                 	LDD  R27,Y+@0+1
                 	ADIW R26,@1
                 	CALL __PUTDP1
                 	.ENDM
                 
                 	.MACRO __PUTB1PMN
                 	LDS  R26,@0
                 	LDS  R27,@0+1
                 	SUBI R26,LOW(-@1)
                 	SBCI R27,HIGH(-@1)
                 	ST   X,R30
                 	.ENDM
                 
                 	.MACRO __PUTW1PMN
                 	LDS  R26,@0
                 	LDS  R27,@0+1
                 	SUBI R26,LOW(-@1)
                 	SBCI R27,HIGH(-@1)
                 	ST   X+,R30
                 	ST   X,R31
                 	.ENDM
                 
                 	.MACRO __PUTD1PMN
                 	LDS  R26,@0
                 	LDS  R27,@0+1
                 	SUBI R26,LOW(-@1)
                 	SBCI R27,HIGH(-@1)
                 	CALL __PUTDP1
                 	.ENDM
                 
                 	.MACRO __PUTB1PMNS
                 	LDS  R26,@0
                 	LDS  R27,@0+1
                 	ADIW R26,@1
                 	ST   X,R30
                 	.ENDM
                 
                 	.MACRO __PUTW1PMNS
                 	LDS  R26,@0
                 	LDS  R27,@0+1
                 	ADIW R26,@1
                 	ST   X+,R30
                 	ST   X,R31
                 	.ENDM
                 
                 	.MACRO __PUTD1PMNS
                 	LDS  R26,@0
                 	LDS  R27,@0+1
                 	ADIW R26,@1
                 	CALL __PUTDP1
                 	.ENDM
                 
                 	.MACRO __PUTB1RN
                 	MOVW R26,R@0
                 	SUBI R26,LOW(-@1)
                 	SBCI R27,HIGH(-@1)
                 	ST   X,R30
                 	.ENDM
                 
                 	.MACRO __PUTW1RN
                 	MOVW R26,R@0
                 	SUBI R26,LOW(-@1)
                 	SBCI R27,HIGH(-@1)
                 	ST   X+,R30
                 	ST   X,R31
                 	.ENDM
                 
                 	.MACRO __PUTD1RN
                 	MOVW R26,R@0
                 	SUBI R26,LOW(-@1)
                 	SBCI R27,HIGH(-@1)
                 	CALL __PUTDP1
                 	.ENDM
                 
                 	.MACRO __PUTB1RNS
                 	MOVW R26,R@0
                 	ADIW R26,@1
                 	ST   X,R30
                 	.ENDM
                 
                 	.MACRO __PUTW1RNS
                 	MOVW R26,R@0
                 	ADIW R26,@1
                 	ST   X+,R30
                 	ST   X,R31
                 	.ENDM
                 
                 	.MACRO __PUTD1RNS
                 	MOVW R26,R@0
                 	ADIW R26,@1
                 	CALL __PUTDP1
                 	.ENDM
                 
                 	.MACRO __PUTB1RON
                 	MOV  R26,R@0
                 	MOV  R27,R@1
                 	SUBI R26,LOW(-@2)
                 	SBCI R27,HIGH(-@2)
                 	ST   X,R30
                 	.ENDM
                 
                 	.MACRO __PUTW1RON
                 	MOV  R26,R@0
                 	MOV  R27,R@1
                 	SUBI R26,LOW(-@2)
                 	SBCI R27,HIGH(-@2)
                 	ST   X+,R30
                 	ST   X,R31
                 	.ENDM
                 
                 	.MACRO __PUTD1RON
                 	MOV  R26,R@0
                 	MOV  R27,R@1
                 	SUBI R26,LOW(-@2)
                 	SBCI R27,HIGH(-@2)
                 	CALL __PUTDP1
                 	.ENDM
                 
                 	.MACRO __PUTB1RONS
                 	MOV  R26,R@0
                 	MOV  R27,R@1
                 	ADIW R26,@2
                 	ST   X,R30
                 	.ENDM
                 
                 	.MACRO __PUTW1RONS
                 	MOV  R26,R@0
                 	MOV  R27,R@1
                 	ADIW R26,@2
                 	ST   X+,R30
                 	ST   X,R31
                 	.ENDM
                 
                 	.MACRO __PUTD1RONS
                 	MOV  R26,R@0
                 	MOV  R27,R@1
                 	ADIW R26,@2
                 	CALL __PUTDP1
                 	.ENDM
                 
                 
                 	.MACRO __GETB1SX
                 	MOVW R30,R28
                 	SUBI R30,LOW(-@0)
                 	SBCI R31,HIGH(-@0)
                 	LD   R30,Z
                 	.ENDM
                 
                 	.MACRO __GETB1HSX
                 	MOVW R30,R28
                 	SUBI R30,LOW(-@0)
                 	SBCI R31,HIGH(-@0)
                 	LD   R31,Z
                 	.ENDM
                 
                 	.MACRO __GETW1SX
                 	MOVW R30,R28
                 	SUBI R30,LOW(-@0)
                 	SBCI R31,HIGH(-@0)
                 	LD   R0,Z+
                 	LD   R31,Z
                 	MOV  R30,R0
                 	.ENDM
                 
                 	.MACRO __GETD1SX
                 	MOVW R30,R28
                 	SUBI R30,LOW(-@0)
                 	SBCI R31,HIGH(-@0)
                 	LD   R0,Z+
                 	LD   R1,Z+
                 	LD   R22,Z+
                 	LD   R23,Z
                 	MOVW R30,R0
                 	.ENDM
                 
                 	.MACRO __GETB2SX
                 	MOVW R26,R28
                 	SUBI R26,LOW(-@0)
                 	SBCI R27,HIGH(-@0)
                 	LD   R26,X
                 	.ENDM
                 
                 	.MACRO __GETW2SX
                 	MOVW R26,R28
                 	SUBI R26,LOW(-@0)
                 	SBCI R27,HIGH(-@0)
                 	LD   R0,X+
                 	LD   R27,X
                 	MOV  R26,R0
                 	.ENDM
                 
                 	.MACRO __GETD2SX
                 	MOVW R26,R28
                 	SUBI R26,LOW(-@0)
                 	SBCI R27,HIGH(-@0)
                 	LD   R0,X+
                 	LD   R1,X+
                 	LD   R24,X+
                 	LD   R25,X
                 	MOVW R26,R0
                 	.ENDM
                 
                 	.MACRO __GETBRSX
                 	MOVW R30,R28
                 	SUBI R30,LOW(-@1)
                 	SBCI R31,HIGH(-@1)
                 	LD   R@0,Z
                 	.ENDM
                 
                 	.MACRO __GETWRSX
                 	MOVW R30,R28
                 	SUBI R30,LOW(-@2)
                 	SBCI R31,HIGH(-@2)
                 	LD   R@0,Z+
                 	LD   R@1,Z
                 	.ENDM
                 
                 	.MACRO __GETBRSX2
                 	MOVW R26,R28
                 	SUBI R26,LOW(-@1)
                 	SBCI R27,HIGH(-@1)
                 	LD   R@0,X
                 	.ENDM
                 
                 	.MACRO __GETWRSX2
                 	MOVW R26,R28
                 	SUBI R26,LOW(-@2)
                 	SBCI R27,HIGH(-@2)
                 	LD   R@0,X+
                 	LD   R@1,X
                 	.ENDM
                 
                 	.MACRO __LSLW8SX
                 	MOVW R30,R28
                 	SUBI R30,LOW(-@0)
                 	SBCI R31,HIGH(-@0)
                 	LD   R31,Z
                 	CLR  R30
                 	.ENDM
                 
                 	.MACRO __PUTB1SX
                 	MOVW R26,R28
                 	SUBI R26,LOW(-@0)
                 	SBCI R27,HIGH(-@0)
                 	ST   X,R30
                 	.ENDM
                 
                 	.MACRO __PUTW1SX
                 	MOVW R26,R28
                 	SUBI R26,LOW(-@0)
                 	SBCI R27,HIGH(-@0)
                 	ST   X+,R30
                 	ST   X,R31
                 	.ENDM
                 
                 	.MACRO __PUTD1SX
                 	MOVW R26,R28
                 	SUBI R26,LOW(-@0)
                 	SBCI R27,HIGH(-@0)
                 	ST   X+,R30
                 	ST   X+,R31
                 	ST   X+,R22
                 	ST   X,R23
                 	.ENDM
                 
                 	.MACRO __CLRW1SX
                 	MOVW R26,R28
                 	SUBI R26,LOW(-@0)
                 	SBCI R27,HIGH(-@0)
                 	ST   X+,R30
                 	ST   X,R30
                 	.ENDM
                 
                 	.MACRO __CLRD1SX
                 	MOVW R26,R28
                 	SUBI R26,LOW(-@0)
                 	SBCI R27,HIGH(-@0)
                 	ST   X+,R30
                 	ST   X+,R30
                 	ST   X+,R30
                 	ST   X,R30
                 	.ENDM
                 
                 	.MACRO __PUTB2SX
                 	MOVW R30,R28
                 	SUBI R30,LOW(-@0)
                 	SBCI R31,HIGH(-@0)
                 	ST   Z,R26
                 	.ENDM
                 
                 	.MACRO __PUTW2SX
                 	MOVW R30,R28
                 	SUBI R30,LOW(-@0)
                 	SBCI R31,HIGH(-@0)
                 	ST   Z+,R26
                 	ST   Z,R27
                 	.ENDM
                 
                 	.MACRO __PUTD2SX
                 	MOVW R30,R28
                 	SUBI R30,LOW(-@0)
                 	SBCI R31,HIGH(-@0)
                 	ST   Z+,R26
                 	ST   Z+,R27
                 	ST   Z+,R24
                 	ST   Z,R25
                 	.ENDM
                 
                 	.MACRO __PUTBSRX
                 	MOVW R30,R28
                 	SUBI R30,LOW(-@1)
                 	SBCI R31,HIGH(-@1)
                 	ST   Z,R@0
                 	.ENDM
                 
                 	.MACRO __PUTWSRX
                 	MOVW R30,R28
                 	SUBI R30,LOW(-@2)
                 	SBCI R31,HIGH(-@2)
                 	ST   Z+,R@0
                 	ST   Z,R@1
                 	.ENDM
                 
                 	.MACRO __PUTB1SNX
                 	MOVW R26,R28
                 	SUBI R26,LOW(-@0)
                 	SBCI R27,HIGH(-@0)
                 	LD   R0,X+
                 	LD   R27,X
                 	MOV  R26,R0
                 	SUBI R26,LOW(-@1)
                 	SBCI R27,HIGH(-@1)
                 	ST   X,R30
                 	.ENDM
                 
                 	.MACRO __PUTW1SNX
                 	MOVW R26,R28
                 	SUBI R26,LOW(-@0)
                 	SBCI R27,HIGH(-@0)
                 	LD   R0,X+
                 	LD   R27,X
                 	MOV  R26,R0
                 	SUBI R26,LOW(-@1)
                 	SBCI R27,HIGH(-@1)
                 	ST   X+,R30
                 	ST   X,R31
                 	.ENDM
                 
                 	.MACRO __PUTD1SNX
                 	MOVW R26,R28
                 	SUBI R26,LOW(-@0)
                 	SBCI R27,HIGH(-@0)
                 	LD   R0,X+
                 	LD   R27,X
                 	MOV  R26,R0
                 	SUBI R26,LOW(-@1)
                 	SBCI R27,HIGH(-@1)
                 	ST   X+,R30
                 	ST   X+,R31
                 	ST   X+,R22
                 	ST   X,R23
                 	.ENDM
                 
                 	.MACRO __MULBRR
                 	MULS R@0,R@1
                 	MOVW R30,R0
                 	.ENDM
                 
                 	.MACRO __MULBRRU
                 	MUL  R@0,R@1
                 	MOVW R30,R0
                 	.ENDM
                 
                 	.MACRO __MULBRR0
                 	MULS R@0,R@1
                 	.ENDM
                 
                 	.MACRO __MULBRRU0
                 	MUL  R@0,R@1
                 	.ENDM
                 
                 	.MACRO __MULBNWRU
                 	LDI  R26,@2
                 	MUL  R26,R@0
                 	MOVW R30,R0
                 	MUL  R26,R@1
                 	ADD  R31,R0
                 	.ENDM
                 
                 ;NAME DEFINITIONS FOR GLOBAL VARIABLES ALLOCATED TO REGISTERS
                 	.DEF _a=R4
                 	.DEF _a_msb=R5
                 	.DEF __lcd_x=R7
                 	.DEF __lcd_y=R6
                 	.DEF __lcd_maxx=R9
                 
                 	.CSEG
                 	.ORG 0x00
                 
                 ;START OF CODE MARKER
                 __START_OF_CODE:
                 
                 ;INTERRUPT VECTORS
000000 940c 0046 	JMP  __RESET
000002 940c 0000 	JMP  0x00
000004 940c 0000 	JMP  0x00
000006 940c 0000 	JMP  0x00
000008 940c 0000 	JMP  0x00
00000a 940c 0000 	JMP  0x00
00000c 940c 0000 	JMP  0x00
00000e 940c 0000 	JMP  0x00
000010 940c 0000 	JMP  0x00
000012 940c 0000 	JMP  0x00
000014 940c 0000 	JMP  0x00
000016 940c 0000 	JMP  0x00
000018 940c 0000 	JMP  0x00
00001a 940c 0000 	JMP  0x00
00001c 940c 0000 	JMP  0x00
00001e 940c 0000 	JMP  0x00
000020 940c 0000 	JMP  0x00
000022 940c 0000 	JMP  0x00
000024 940c 0000 	JMP  0x00
000026 940c 0000 	JMP  0x00
000028 940c 0000 	JMP  0x00
                 
                 _0x0:
00002a 3146
00002b 4600
00002c 0032
00002d 3346      	.DB  0x46,0x31,0x0,0x46,0x32,0x0,0x46,0x33
00002e 4600
00002f 0034
000030 0037
000031 0035      	.DB  0x0,0x46,0x34,0x0,0x37,0x0,0x35,0x0
000032 0038
000033 0030
000034 0036
000035 0039      	.DB  0x38,0x0,0x30,0x0,0x36,0x0,0x39,0x0
000036 003e
000037 0058      	.DB  0x3E,0x0,0x58,0x0
                 _0x2000060:
C:\Users\Parsa_1212\Desktop\avr\aaaaaaaaaaaaaaaaaaa\Debug\List\a.asm(1129): warning: .cseg .db misalignment - padding zero byte
000038 0001      	.DB  0x1
                 _0x2000000:
000039 4e2d
00003a 4e41
00003b 4900
00003c 464e      	.DB  0x2D,0x4E,0x41,0x4E,0x0,0x49,0x4E,0x46
C:\Users\Parsa_1212\Desktop\avr\aaaaaaaaaaaaaaaaaaa\Debug\List\a.asm(1132): warning: .cseg .db misalignment - padding zero byte
00003d 0000      	.DB  0x0
                 _0x2020003:
00003e c080      	.DB  0x80,0xC0
                 
                 __GLOBAL_INI_TBL:
00003f 0001      	.DW  0x01
000040 0160      	.DW  __seed_G100
000041 0070      	.DW  _0x2000060*2
                 
000042 0002      	.DW  0x02
000043 0164      	.DW  __base_y_G101
000044 007c      	.DW  _0x2020003*2
                 
                 _0xFFFFFFFF:
000045 0000      	.DW  0
                 
                 #define __GLOBAL_INI_TBL_PRESENT 1
                 
                 __RESET:
000046 94f8      	CLI
000047 27ee      	CLR  R30
000048 bbec      	OUT  EECR,R30
                 
                 ;INTERRUPT VECTORS ARE PLACED
                 ;AT THE START OF FLASH
000049 e0f1      	LDI  R31,1
00004a bffb      	OUT  GICR,R31
00004b bfeb      	OUT  GICR,R30
00004c bfe5      	OUT  MCUCR,R30
                 
                 ;CLEAR R2-R14
00004d e08d      	LDI  R24,(14-2)+1
00004e e0a2      	LDI  R26,2
00004f 27bb      	CLR  R27
                 __CLEAR_REG:
000050 93ed      	ST   X+,R30
000051 958a      	DEC  R24
000052 f7e9      	BRNE __CLEAR_REG
                 
                 ;CLEAR SRAM
000053 e080      	LDI  R24,LOW(__CLEAR_SRAM_SIZE)
000054 e094      	LDI  R25,HIGH(__CLEAR_SRAM_SIZE)
000055 e6a0      	LDI  R26,__SRAM_START
                 __CLEAR_SRAM:
000056 93ed      	ST   X+,R30
000057 9701      	SBIW R24,1
000058 f7e9      	BRNE __CLEAR_SRAM
                 
                 ;GLOBAL VARIABLES INITIALIZATION
000059 e7ee      	LDI  R30,LOW(__GLOBAL_INI_TBL*2)
00005a e0f0      	LDI  R31,HIGH(__GLOBAL_INI_TBL*2)
                 __GLOBAL_INI_NEXT:
00005b 9185      	LPM  R24,Z+
00005c 9195      	LPM  R25,Z+
00005d 9700      	SBIW R24,0
00005e f061      	BREQ __GLOBAL_INI_END
00005f 91a5      	LPM  R26,Z+
000060 91b5      	LPM  R27,Z+
000061 9005      	LPM  R0,Z+
000062 9015      	LPM  R1,Z+
000063 01bf      	MOVW R22,R30
000064 01f0      	MOVW R30,R0
                 __GLOBAL_INI_LOOP:
000065 9005      	LPM  R0,Z+
000066 920d      	ST   X+,R0
000067 9701      	SBIW R24,1
000068 f7e1      	BRNE __GLOBAL_INI_LOOP
000069 01fb      	MOVW R30,R22
00006a cff0      	RJMP __GLOBAL_INI_NEXT
                 __GLOBAL_INI_END:
                 
                 ;HARDWARE STACK POINTER INITIALIZATION
00006b e5ef      	LDI  R30,LOW(__SRAM_END-__HEAP_SIZE)
00006c bfed      	OUT  SPL,R30
00006d e0e4      	LDI  R30,HIGH(__SRAM_END-__HEAP_SIZE)
00006e bfee      	OUT  SPH,R30
                 
                 ;DATA STACK POINTER INITIALIZATION
00006f e6c0      	LDI  R28,LOW(__SRAM_START+__DSTACK_SIZE)
000070 e0d1      	LDI  R29,HIGH(__SRAM_START+__DSTACK_SIZE)
                 
000071 940c 0081 	JMP  _main
                 
                 	.ESEG
                 	.ORG 0
                 
                 	.DSEG
                 	.ORG 0x160
                 
                 	.CSEG
                 ;/*******************************************************
                 ;This program was created by the
                 ;CodeWizardAVR V3.12 Advanced
                 ;Automatic Program Generator
                 ;© Copyright 1998-2014 Pavel Haiduc, HP InfoTech s.r.l.
                 ;http://www.hpinfotech.com
                 ;
                 ;Project :
                 ;Version :
                 ;Date    : 10/3/2021
                 ;Author  :
                 ;Company :
                 ;Comments:
                 ;
                 ;
                 ;Chip type               : ATmega16
                 ;Program type            : Application
                 ;AVR Core Clock frequency: 8.000000 MHz
                 ;Memory model            : Small
                 ;External RAM size       : 0
                 ;Data Stack size         : 256
                 ;*******************************************************/
                 ;
                 ;#include <mega16.h>
                 	#ifndef __SLEEP_DEFINED__
                 	#define __SLEEP_DEFINED__
                 	.EQU __se_bit=0x40
                 	.EQU __sm_mask=0xB0
                 	.EQU __sm_powerdown=0x20
                 	.EQU __sm_powersave=0x30
                 	.EQU __sm_standby=0xA0
                 	.EQU __sm_ext_standby=0xB0
                 	.EQU __sm_adc_noise_red=0x10
                 	.SET power_ctrl_reg=mcucr
                 	#endif
                 ;
                 ;#include <delay.h>
                 ;
                 ;#include <stdlib.h>
                 ;
                 ;// Alphanumeric LCD functions
                 ;#include <alcd.h>
                 ;
                 ;// Declare your global variables here
                 ;char s[6];
                 ;int a;
                 ;// Voltage Reference: AVCC pin
                 ;#define ADC_VREF_TYPE ((0<<REFS1) | (1<<REFS0) | (0<<ADLAR))
                 ;
                 ;// Read the AD conversion result
                 ;unsigned int read_adc(unsigned char adc_input)
                 ; 0000 0029 {
                 
                 	.CSEG
                 _read_adc:
                 ; .FSTART _read_adc
                 ; 0000 002A ADMUX=adc_input | ADC_VREF_TYPE;
000073 93aa      	ST   -Y,R26
                 ;	adc_input -> Y+0
000074 81e8      	LD   R30,Y
000075 64e0      	ORI  R30,0x40
000076 b9e7      	OUT  0x7,R30
                 ; 0000 002B // Delay needed for the stabilization of the ADC input voltage
                 ; 0000 002C delay_us(10);
                +
000077 e18b     +LDI R24 , LOW ( 27 )
                +__DELAY_USB_LOOP :
000078 958a     +DEC R24
000079 f7f1     +BRNE __DELAY_USB_LOOP
                 	__DELAY_USB 27
                 ; 0000 002D // Start the AD conversion
                 ; 0000 002E ADCSRA|=(1<<ADSC);
00007a 9a36      	SBI  0x6,6
                 ; 0000 002F // Wait for the AD conversion to complete
                 ; 0000 0030 while ((ADCSRA & (1<<ADIF))==0);
                 _0x3:
00007b 9b34      	SBIS 0x6,4
00007c cffe      	RJMP _0x3
                 ; 0000 0031 ADCSRA|=(1<<ADIF);
00007d 9a34      	SBI  0x6,4
                 ; 0000 0032 return ADCW;
00007e b1e4      	IN   R30,0x4
00007f b1f5      	IN   R31,0x4+1
000080 c16a      	RJMP _0x20A0001
                 ; 0000 0033 }
                 ; .FEND
                 ;
                 ;void main(void)
                 ; 0000 0036 {
                 _main:
                 ; .FSTART _main
                 ; 0000 0037 // Declare your local variables here
                 ; 0000 0038 
                 ; 0000 0039 // Input/Output Ports initialization
                 ; 0000 003A // Port A initialization
                 ; 0000 003B // Function: Bit7=In Bit6=In Bit5=In Bit4=In Bit3=In Bit2=In Bit1=In Bit0=In
                 ; 0000 003C DDRA=(0<<DDA7) | (0<<DDA6) | (0<<DDA5) | (0<<DDA4) | (0<<DDA3) | (0<<DDA2) | (0<<DDA1) | (0<<DDA0);
000081 e0e0      	LDI  R30,LOW(0)
000082 bbea      	OUT  0x1A,R30
                 ; 0000 003D // State: Bit7=T Bit6=T Bit5=T Bit4=T Bit3=T Bit2=T Bit1=T Bit0=T
                 ; 0000 003E PORTA=(0<<PORTA7) | (0<<PORTA6) | (0<<PORTA5) | (0<<PORTA4) | (0<<PORTA3) | (0<<PORTA2) | (0<<PORTA1) | (0<<PORTA0);
000083 bbeb      	OUT  0x1B,R30
                 ; 0000 003F 
                 ; 0000 0040 // Port B initialization
                 ; 0000 0041 // Function: Bit7=In Bit6=In Bit5=In Bit4=In Bit3=In Bit2=In Bit1=In Bit0=In
                 ; 0000 0042 DDRB=(0<<DDB7) | (0<<DDB6) | (0<<DDB5) | (0<<DDB4) | (0<<DDB3) | (0<<DDB2) | (0<<DDB1) | (0<<DDB0);
000084 bbe7      	OUT  0x17,R30
                 ; 0000 0043 // State: Bit7=T Bit6=T Bit5=T Bit4=T Bit3=T Bit2=T Bit1=T Bit0=T
                 ; 0000 0044 PORTB=(0<<PORTB7) | (0<<PORTB6) | (0<<PORTB5) | (0<<PORTB4) | (0<<PORTB3) | (0<<PORTB2) | (0<<PORTB1) | (0<<PORTB0);
000085 bbe8      	OUT  0x18,R30
                 ; 0000 0045 
                 ; 0000 0046 // Port C initialization
                 ; 0000 0047 // Function: Bit7=In Bit6=In Bit5=In Bit4=In Bit3=In Bit2=In Bit1=In Bit0=In
                 ; 0000 0048 DDRC=(0<<DDC7) | (0<<DDC6) | (0<<DDC5) | (0<<DDC4) | (0<<DDC3) | (0<<DDC2) | (0<<DDC1) | (0<<DDC0);
000086 bbe4      	OUT  0x14,R30
                 ; 0000 0049 // State: Bit7=T Bit6=T Bit5=T Bit4=T Bit3=T Bit2=T Bit1=T Bit0=T
                 ; 0000 004A PORTC=(0<<PORTC7) | (0<<PORTC6) | (0<<PORTC5) | (0<<PORTC4) | (0<<PORTC3) | (0<<PORTC2) | (0<<PORTC1) | (0<<PORTC0);
000087 bbe5      	OUT  0x15,R30
                 ; 0000 004B 
                 ; 0000 004C // Port D initialization
                 ; 0000 004D // Function: Bit7=In Bit6=In Bit5=In Bit4=In Bit3=In Bit2=In Bit1=In Bit0=In
                 ; 0000 004E DDRD=(0<<DDD7) | (0<<DDD6) | (0<<DDD5) | (0<<DDD4) | (0<<DDD3) | (0<<DDD2) | (0<<DDD1) | (0<<DDD0);
000088 bbe1      	OUT  0x11,R30
                 ; 0000 004F // State: Bit7=T Bit6=T Bit5=T Bit4=T Bit3=T Bit2=T Bit1=T Bit0=T
                 ; 0000 0050 PORTD=(0<<PORTD7) | (0<<PORTD6) | (0<<PORTD5) | (0<<PORTD4) | (0<<PORTD3) | (0<<PORTD2) | (0<<PORTD1) | (0<<PORTD0);
000089 bbe2      	OUT  0x12,R30
                 ; 0000 0051 
                 ; 0000 0052 // Timer/Counter 0 initialization
                 ; 0000 0053 // Clock source: System Clock
                 ; 0000 0054 // Clock value: Timer 0 Stopped
                 ; 0000 0055 // Mode: Normal top=0xFF
                 ; 0000 0056 // OC0 output: Disconnected
                 ; 0000 0057 TCCR0=(0<<WGM00) | (0<<COM01) | (0<<COM00) | (0<<WGM01) | (0<<CS02) | (0<<CS01) | (0<<CS00);
00008a bfe3      	OUT  0x33,R30
                 ; 0000 0058 TCNT0=0x00;
00008b bfe2      	OUT  0x32,R30
                 ; 0000 0059 OCR0=0x00;
00008c bfec      	OUT  0x3C,R30
                 ; 0000 005A 
                 ; 0000 005B // Timer/Counter 1 initialization
                 ; 0000 005C // Clock source: System Clock
                 ; 0000 005D // Clock value: Timer1 Stopped
                 ; 0000 005E // Mode: Normal top=0xFFFF
                 ; 0000 005F // OC1A output: Disconnected
                 ; 0000 0060 // OC1B output: Disconnected
                 ; 0000 0061 // Noise Canceler: Off
                 ; 0000 0062 // Input Capture on Falling Edge
                 ; 0000 0063 // Timer1 Overflow Interrupt: Off
                 ; 0000 0064 // Input Capture Interrupt: Off
                 ; 0000 0065 // Compare A Match Interrupt: Off
                 ; 0000 0066 // Compare B Match Interrupt: Off
                 ; 0000 0067 TCCR1A=(0<<COM1A1) | (0<<COM1A0) | (0<<COM1B1) | (0<<COM1B0) | (0<<WGM11) | (0<<WGM10);
00008d bdef      	OUT  0x2F,R30
                 ; 0000 0068 TCCR1B=(0<<ICNC1) | (0<<ICES1) | (0<<WGM13) | (0<<WGM12) | (0<<CS12) | (0<<CS11) | (0<<CS10);
00008e bdee      	OUT  0x2E,R30
                 ; 0000 0069 TCNT1H=0x00;
00008f bded      	OUT  0x2D,R30
                 ; 0000 006A TCNT1L=0x00;
000090 bdec      	OUT  0x2C,R30
                 ; 0000 006B ICR1H=0x00;
000091 bde7      	OUT  0x27,R30
                 ; 0000 006C ICR1L=0x00;
000092 bde6      	OUT  0x26,R30
                 ; 0000 006D OCR1AH=0x00;
000093 bdeb      	OUT  0x2B,R30
                 ; 0000 006E OCR1AL=0x00;
000094 bdea      	OUT  0x2A,R30
                 ; 0000 006F OCR1BH=0x00;
000095 bde9      	OUT  0x29,R30
                 ; 0000 0070 OCR1BL=0x00;
000096 bde8      	OUT  0x28,R30
                 ; 0000 0071 
                 ; 0000 0072 // Timer/Counter 2 initialization
                 ; 0000 0073 // Clock source: System Clock
                 ; 0000 0074 // Clock value: Timer2 Stopped
                 ; 0000 0075 // Mode: Normal top=0xFF
                 ; 0000 0076 // OC2 output: Disconnected
                 ; 0000 0077 ASSR=0<<AS2;
000097 bde2      	OUT  0x22,R30
                 ; 0000 0078 TCCR2=(0<<PWM2) | (0<<COM21) | (0<<COM20) | (0<<CTC2) | (0<<CS22) | (0<<CS21) | (0<<CS20);
000098 bde5      	OUT  0x25,R30
                 ; 0000 0079 TCNT2=0x00;
000099 bde4      	OUT  0x24,R30
                 ; 0000 007A OCR2=0x00;
00009a bde3      	OUT  0x23,R30
                 ; 0000 007B 
                 ; 0000 007C // Timer(s)/Counter(s) Interrupt(s) initialization
                 ; 0000 007D TIMSK=(0<<OCIE2) | (0<<TOIE2) | (0<<TICIE1) | (0<<OCIE1A) | (0<<OCIE1B) | (0<<TOIE1) | (0<<OCIE0) | (0<<TOIE0);
00009b bfe9      	OUT  0x39,R30
                 ; 0000 007E 
                 ; 0000 007F // External Interrupt(s) initialization
                 ; 0000 0080 // INT0: Off
                 ; 0000 0081 // INT1: Off
                 ; 0000 0082 // INT2: Off
                 ; 0000 0083 MCUCR=(0<<ISC11) | (0<<ISC10) | (0<<ISC01) | (0<<ISC00);
00009c bfe5      	OUT  0x35,R30
                 ; 0000 0084 MCUCSR=(0<<ISC2);
00009d bfe4      	OUT  0x34,R30
                 ; 0000 0085 
                 ; 0000 0086 // USART initialization
                 ; 0000 0087 // USART disabled
                 ; 0000 0088 UCSRB=(0<<RXCIE) | (0<<TXCIE) | (0<<UDRIE) | (0<<RXEN) | (0<<TXEN) | (0<<UCSZ2) | (0<<RXB8) | (0<<TXB8);
00009e b9ea      	OUT  0xA,R30
                 ; 0000 0089 
                 ; 0000 008A // Analog Comparator initialization
                 ; 0000 008B // Analog Comparator: Off
                 ; 0000 008C // The Analog Comparator's positive input is
                 ; 0000 008D // connected to the AIN0 pin
                 ; 0000 008E // The Analog Comparator's negative input is
                 ; 0000 008F // connected to the AIN1 pin
                 ; 0000 0090 ACSR=(1<<ACD) | (0<<ACBG) | (0<<ACO) | (0<<ACI) | (0<<ACIE) | (0<<ACIC) | (0<<ACIS1) | (0<<ACIS0);
00009f e8e0      	LDI  R30,LOW(128)
0000a0 b9e8      	OUT  0x8,R30
                 ; 0000 0091 
                 ; 0000 0092 // ADC initialization
                 ; 0000 0093 // ADC Clock frequency: 1000.000 kHz
                 ; 0000 0094 // ADC Voltage Reference: AVCC pin
                 ; 0000 0095 // ADC Auto Trigger Source: ADC Stopped
                 ; 0000 0096 ADMUX=ADC_VREF_TYPE;
0000a1 e4e0      	LDI  R30,LOW(64)
0000a2 b9e7      	OUT  0x7,R30
                 ; 0000 0097 ADCSRA=(1<<ADEN) | (0<<ADSC) | (0<<ADATE) | (0<<ADIF) | (0<<ADIE) | (0<<ADPS2) | (1<<ADPS1) | (1<<ADPS0);
0000a3 e8e3      	LDI  R30,LOW(131)
0000a4 b9e6      	OUT  0x6,R30
                 ; 0000 0098 SFIOR=(0<<ADTS2) | (0<<ADTS1) | (0<<ADTS0);
0000a5 e0e0      	LDI  R30,LOW(0)
0000a6 bfe0      	OUT  0x30,R30
                 ; 0000 0099 
                 ; 0000 009A // SPI initialization
                 ; 0000 009B // SPI disabled
                 ; 0000 009C SPCR=(0<<SPIE) | (0<<SPE) | (0<<DORD) | (0<<MSTR) | (0<<CPOL) | (0<<CPHA) | (0<<SPR1) | (0<<SPR0);
0000a7 b9ed      	OUT  0xD,R30
                 ; 0000 009D 
                 ; 0000 009E // TWI initialization
                 ; 0000 009F // TWI disabled
                 ; 0000 00A0 TWCR=(0<<TWEA) | (0<<TWSTA) | (0<<TWSTO) | (0<<TWEN) | (0<<TWIE);
0000a8 bfe6      	OUT  0x36,R30
                 ; 0000 00A1 
                 ; 0000 00A2 // Alphanumeric LCD initialization
                 ; 0000 00A3 // Connections are specified in the
                 ; 0000 00A4 // Project|Configure|C Compiler|Libraries|Alphanumeric LCD menu:
                 ; 0000 00A5 // RS - PORTC Bit 0
                 ; 0000 00A6 // RD - PORTC Bit 1
                 ; 0000 00A7 // EN - PORTC Bit 2
                 ; 0000 00A8 // D4 - PORTC Bit 4
                 ; 0000 00A9 // D5 - PORTC Bit 5
                 ; 0000 00AA // D6 - PORTC Bit 6
                 ; 0000 00AB // D7 - PORTC Bit 7
                 ; 0000 00AC // Characters/line: 16
                 ; 0000 00AD lcd_init(16);
0000a9 e1a0      	LDI  R26,LOW(16)
0000aa 940e 01bf 	CALL _lcd_init
                 ; 0000 00AE 
                 ; 0000 00AF while (1)
                 _0x6:
                 ; 0000 00B0  {
                 ; 0000 00B1   //delay_ms(15);
                 ; 0000 00B2   //lcd_clear();
                 ; 0000 00B3   ////////////////////////////////////////F1-F4
                 ; 0000 00B4   if(read_adc(0)<5&&read_adc(7)<5)
0000ac 940e 01ed 	CALL SUBOPT_0x0
0000ae f418      	BRSH _0xA
0000af 940e 01f2 	CALL SUBOPT_0x1
0000b1 f008      	BRLO _0xB
                 _0xA:
0000b2 c004      	RJMP _0x9
                 _0xB:
                 ; 0000 00B5   {
                 ; 0000 00B6    lcd_putsf("F1");
                +
0000b3 e5a4     +LDI R26 , LOW ( 2 * _0x0 + ( 0 ) )
0000b4 e0b0     +LDI R27 , HIGH ( 2 * _0x0 + ( 0 ) )
                 	__POINTW2FN _0x0,0
0000b5 940e 01ac 	CALL _lcd_putsf
                 ; 0000 00B7   }
                 ; 0000 00B8     if(read_adc(1)<5&&read_adc(7)<5)
                 _0x9:
0000b7 940e 01f7 	CALL SUBOPT_0x2
0000b9 f418      	BRSH _0xD
0000ba 940e 01f2 	CALL SUBOPT_0x1
0000bc f008      	BRLO _0xE
                 _0xD:
0000bd c004      	RJMP _0xC
                 _0xE:
                 ; 0000 00B9   {
                 ; 0000 00BA    lcd_putsf("F2");
                +
0000be e5a7     +LDI R26 , LOW ( 2 * _0x0 + ( 3 ) )
0000bf e0b0     +LDI R27 , HIGH ( 2 * _0x0 + ( 3 ) )
                 	__POINTW2FN _0x0,3
0000c0 940e 01ac 	CALL _lcd_putsf
                 ; 0000 00BB   }
                 ; 0000 00BC     if(read_adc(2)<5&&read_adc(7)<5)
                 _0xC:
0000c2 940e 01fc 	CALL SUBOPT_0x3
0000c4 f418      	BRSH _0x10
0000c5 940e 01f2 	CALL SUBOPT_0x1
0000c7 f008      	BRLO _0x11
                 _0x10:
0000c8 c004      	RJMP _0xF
                 _0x11:
                 ; 0000 00BD   {
                 ; 0000 00BE    lcd_putsf("F3");
                +
0000c9 e5aa     +LDI R26 , LOW ( 2 * _0x0 + ( 6 ) )
0000ca e0b0     +LDI R27 , HIGH ( 2 * _0x0 + ( 6 ) )
                 	__POINTW2FN _0x0,6
0000cb 940e 01ac 	CALL _lcd_putsf
                 ; 0000 00BF   }
                 ; 0000 00C0     if(read_adc(3)<5&&read_adc(7)<5)
                 _0xF:
0000cd 940e 0201 	CALL SUBOPT_0x4
0000cf f418      	BRSH _0x13
0000d0 940e 01f2 	CALL SUBOPT_0x1
0000d2 f008      	BRLO _0x14
                 _0x13:
0000d3 c004      	RJMP _0x12
                 _0x14:
                 ; 0000 00C1   {
                 ; 0000 00C2    lcd_putsf("F4");
                +
0000d4 e5ad     +LDI R26 , LOW ( 2 * _0x0 + ( 9 ) )
0000d5 e0b0     +LDI R27 , HIGH ( 2 * _0x0 + ( 9 ) )
                 	__POINTW2FN _0x0,9
0000d6 940e 01ac 	CALL _lcd_putsf
                 ; 0000 00C3   }
                 ; 0000 00C4   ////////////////////////////////////////0-9
                 ; 0000 00C5     if(read_adc(0)<5&&read_adc(4)<5)
                 _0x12:
0000d8 940e 01ed 	CALL SUBOPT_0x0
0000da f418      	BRSH _0x16
0000db 940e 0206 	CALL SUBOPT_0x5
0000dd f008      	BRLO _0x17
                 _0x16:
0000de c004      	RJMP _0x15
                 _0x17:
                 ; 0000 00C6   {
                 ; 0000 00C7    lcd_putsf("1");
                +
0000df e5a5     +LDI R26 , LOW ( 2 * _0x0 + ( 1 ) )
0000e0 e0b0     +LDI R27 , HIGH ( 2 * _0x0 + ( 1 ) )
                 	__POINTW2FN _0x0,1
0000e1 940e 01ac 	CALL _lcd_putsf
                 ; 0000 00C8   }
                 ; 0000 00C9     if(read_adc(1)<5&&read_adc(4)<5)
                 _0x15:
0000e3 940e 01f7 	CALL SUBOPT_0x2
0000e5 f418      	BRSH _0x19
0000e6 940e 0206 	CALL SUBOPT_0x5
0000e8 f008      	BRLO _0x1A
                 _0x19:
0000e9 c004      	RJMP _0x18
                 _0x1A:
                 ; 0000 00CA   {
                 ; 0000 00CB    lcd_putsf("4");
                +
0000ea e5ae     +LDI R26 , LOW ( 2 * _0x0 + ( 10 ) )
0000eb e0b0     +LDI R27 , HIGH ( 2 * _0x0 + ( 10 ) )
                 	__POINTW2FN _0x0,10
0000ec 940e 01ac 	CALL _lcd_putsf
                 ; 0000 00CC   }
                 ; 0000 00CD     if(read_adc(2)<5&&read_adc(4)<5)
                 _0x18:
0000ee 940e 01fc 	CALL SUBOPT_0x3
0000f0 f418      	BRSH _0x1C
0000f1 940e 0206 	CALL SUBOPT_0x5
0000f3 f008      	BRLO _0x1D
                 _0x1C:
0000f4 c004      	RJMP _0x1B
                 _0x1D:
                 ; 0000 00CE   {
                 ; 0000 00CF    lcd_putsf("7");
                +
0000f5 e6a0     +LDI R26 , LOW ( 2 * _0x0 + ( 12 ) )
0000f6 e0b0     +LDI R27 , HIGH ( 2 * _0x0 + ( 12 ) )
                 	__POINTW2FN _0x0,12
0000f7 940e 01ac 	CALL _lcd_putsf
                 ; 0000 00D0   }
                 ; 0000 00D1     if(read_adc(0)<5&&read_adc(5)<5)
                 _0x1B:
0000f9 940e 01ed 	CALL SUBOPT_0x0
0000fb f418      	BRSH _0x1F
0000fc 940e 020b 	CALL SUBOPT_0x6
0000fe f008      	BRLO _0x20
                 _0x1F:
0000ff c004      	RJMP _0x1E
                 _0x20:
                 ; 0000 00D2   {
                 ; 0000 00D3    lcd_putsf("2");
                +
000100 e5a8     +LDI R26 , LOW ( 2 * _0x0 + ( 4 ) )
000101 e0b0     +LDI R27 , HIGH ( 2 * _0x0 + ( 4 ) )
                 	__POINTW2FN _0x0,4
000102 940e 01ac 	CALL _lcd_putsf
                 ; 0000 00D4   }
                 ; 0000 00D5     if(read_adc(1)<5&&read_adc(5)<5)
                 _0x1E:
000104 940e 01f7 	CALL SUBOPT_0x2
000106 f418      	BRSH _0x22
000107 940e 020b 	CALL SUBOPT_0x6
000109 f008      	BRLO _0x23
                 _0x22:
00010a c004      	RJMP _0x21
                 _0x23:
                 ; 0000 00D6   {
                 ; 0000 00D7    lcd_putsf("5");
                +
00010b e6a2     +LDI R26 , LOW ( 2 * _0x0 + ( 14 ) )
00010c e0b0     +LDI R27 , HIGH ( 2 * _0x0 + ( 14 ) )
                 	__POINTW2FN _0x0,14
00010d 940e 01ac 	CALL _lcd_putsf
                 ; 0000 00D8   }
                 ; 0000 00D9     if(read_adc(2)<5&&read_adc(5)<5)
                 _0x21:
00010f 940e 01fc 	CALL SUBOPT_0x3
000111 f418      	BRSH _0x25
000112 940e 020b 	CALL SUBOPT_0x6
000114 f008      	BRLO _0x26
                 _0x25:
000115 c004      	RJMP _0x24
                 _0x26:
                 ; 0000 00DA   {
                 ; 0000 00DB    lcd_putsf("8");
                +
000116 e6a4     +LDI R26 , LOW ( 2 * _0x0 + ( 16 ) )
000117 e0b0     +LDI R27 , HIGH ( 2 * _0x0 + ( 16 ) )
                 	__POINTW2FN _0x0,16
000118 940e 01ac 	CALL _lcd_putsf
                 ; 0000 00DC   }
                 ; 0000 00DD     if(read_adc(3)<5&&read_adc(5)<5)
                 _0x24:
00011a 940e 0201 	CALL SUBOPT_0x4
00011c f418      	BRSH _0x28
00011d 940e 020b 	CALL SUBOPT_0x6
00011f f008      	BRLO _0x29
                 _0x28:
000120 c004      	RJMP _0x27
                 _0x29:
                 ; 0000 00DE   {
                 ; 0000 00DF    lcd_putsf("0");
                +
000121 e6a6     +LDI R26 , LOW ( 2 * _0x0 + ( 18 ) )
000122 e0b0     +LDI R27 , HIGH ( 2 * _0x0 + ( 18 ) )
                 	__POINTW2FN _0x0,18
000123 940e 01ac 	CALL _lcd_putsf
                 ; 0000 00E0   }
                 ; 0000 00E1     if(read_adc(0)<5&&read_adc(6)<5)
                 _0x27:
000125 940e 01ed 	CALL SUBOPT_0x0
000127 f418      	BRSH _0x2B
000128 940e 0210 	CALL SUBOPT_0x7
00012a f008      	BRLO _0x2C
                 _0x2B:
00012b c004      	RJMP _0x2A
                 _0x2C:
                 ; 0000 00E2   {
                 ; 0000 00E3    lcd_putsf("3");
                +
00012c e5ab     +LDI R26 , LOW ( 2 * _0x0 + ( 7 ) )
00012d e0b0     +LDI R27 , HIGH ( 2 * _0x0 + ( 7 ) )
                 	__POINTW2FN _0x0,7
00012e 940e 01ac 	CALL _lcd_putsf
                 ; 0000 00E4   }
                 ; 0000 00E5     if(read_adc(1)<5&&read_adc(6)<5)
                 _0x2A:
000130 940e 01f7 	CALL SUBOPT_0x2
000132 f418      	BRSH _0x2E
000133 940e 0210 	CALL SUBOPT_0x7
000135 f008      	BRLO _0x2F
                 _0x2E:
000136 c004      	RJMP _0x2D
                 _0x2F:
                 ; 0000 00E6   {
                 ; 0000 00E7    lcd_putsf("6");
                +
000137 e6a8     +LDI R26 , LOW ( 2 * _0x0 + ( 20 ) )
000138 e0b0     +LDI R27 , HIGH ( 2 * _0x0 + ( 20 ) )
                 	__POINTW2FN _0x0,20
000139 940e 01ac 	CALL _lcd_putsf
                 ; 0000 00E8   }
                 ; 0000 00E9     if(read_adc(2)<5&&read_adc(6)<5)
                 _0x2D:
00013b 940e 01fc 	CALL SUBOPT_0x3
00013d f418      	BRSH _0x31
00013e 940e 0210 	CALL SUBOPT_0x7
000140 f008      	BRLO _0x32
                 _0x31:
000141 c004      	RJMP _0x30
                 _0x32:
                 ; 0000 00EA   {
                 ; 0000 00EB    lcd_putsf("9");
                +
000142 e6aa     +LDI R26 , LOW ( 2 * _0x0 + ( 22 ) )
000143 e0b0     +LDI R27 , HIGH ( 2 * _0x0 + ( 22 ) )
                 	__POINTW2FN _0x0,22
000144 940e 01ac 	CALL _lcd_putsf
                 ; 0000 00EC   }
                 ; 0000 00ED   ////////////////////////////////////////>-<
                 ; 0000 00EE     if(read_adc(3)<5&&read_adc(6)<5)
                 _0x30:
000146 940e 0201 	CALL SUBOPT_0x4
000148 f418      	BRSH _0x34
000149 940e 0210 	CALL SUBOPT_0x7
00014b f008      	BRLO _0x35
                 _0x34:
00014c c004      	RJMP _0x33
                 _0x35:
                 ; 0000 00EF   {
                 ; 0000 00F0    lcd_putsf(">");
                +
00014d e6ac     +LDI R26 , LOW ( 2 * _0x0 + ( 24 ) )
00014e e0b0     +LDI R27 , HIGH ( 2 * _0x0 + ( 24 ) )
                 	__POINTW2FN _0x0,24
00014f 940e 01ac 	CALL _lcd_putsf
                 ; 0000 00F1   }
                 ; 0000 00F2     if(read_adc(3)<5&&read_adc(4)<5)
                 _0x33:
000151 940e 0201 	CALL SUBOPT_0x4
000153 f418      	BRSH _0x37
000154 940e 0206 	CALL SUBOPT_0x5
000156 f008      	BRLO _0x38
                 _0x37:
000157 c004      	RJMP _0x36
                 _0x38:
                 ; 0000 00F3   {
                 ; 0000 00F4    lcd_putsf("X");
                +
000158 e6ae     +LDI R26 , LOW ( 2 * _0x0 + ( 26 ) )
000159 e0b0     +LDI R27 , HIGH ( 2 * _0x0 + ( 26 ) )
                 	__POINTW2FN _0x0,26
00015a 940e 01ac 	CALL _lcd_putsf
                 ; 0000 00F5    //lcd_clear();
                 ; 0000 00F6   }
                 ; 0000 00F7  }
                 _0x36:
00015c cf4f      	RJMP _0x6
                 ; 0000 00F8 }
                 _0x39:
00015d cfff      	RJMP _0x39
                 ; .FEND
                 
                 	.CSEG
                 
                 	.DSEG
                 
                 	.CSEG
                 	#ifndef __SLEEP_DEFINED__
                 	#endif
                 
                 	.DSEG
                 
                 	.CSEG
                 __lcd_write_nibble_G101:
                 ; .FSTART __lcd_write_nibble_G101
00015e 93aa      	ST   -Y,R26
00015f b3e5      	IN   R30,0x15
000160 70ef      	ANDI R30,LOW(0xF)
000161 2fae      	MOV  R26,R30
000162 81e8      	LD   R30,Y
000163 7fe0      	ANDI R30,LOW(0xF0)
000164 2bea      	OR   R30,R26
000165 bbe5      	OUT  0x15,R30
                +
000166 e08d     +LDI R24 , LOW ( 13 )
                +__DELAY_USB_LOOP :
000167 958a     +DEC R24
000168 f7f1     +BRNE __DELAY_USB_LOOP
                 	__DELAY_USB 13
000169 9aaa      	SBI  0x15,2
                +
00016a e08d     +LDI R24 , LOW ( 13 )
                +__DELAY_USB_LOOP :
00016b 958a     +DEC R24
00016c f7f1     +BRNE __DELAY_USB_LOOP
                 	__DELAY_USB 13
00016d 98aa      	CBI  0x15,2
                +
00016e e08d     +LDI R24 , LOW ( 13 )
                +__DELAY_USB_LOOP :
00016f 958a     +DEC R24
000170 f7f1     +BRNE __DELAY_USB_LOOP
                 	__DELAY_USB 13
000171 c079      	RJMP _0x20A0001
                 ; .FEND
                 __lcd_write_data:
                 ; .FSTART __lcd_write_data
000172 93aa      	ST   -Y,R26
000173 81a8      	LD   R26,Y
000174 dfe9      	RCALL __lcd_write_nibble_G101
000175 81e8          ld    r30,y
000176 95e2          swap  r30
000177 83e8          st    y,r30
000178 81a8      	LD   R26,Y
000179 dfe4      	RCALL __lcd_write_nibble_G101
                +
00017a e885     +LDI R24 , LOW ( 133 )
                +__DELAY_USB_LOOP :
00017b 958a     +DEC R24
00017c f7f1     +BRNE __DELAY_USB_LOOP
                 	__DELAY_USB 133
00017d c06d      	RJMP _0x20A0001
                 ; .FEND
                 _lcd_gotoxy:
                 ; .FSTART _lcd_gotoxy
00017e 93aa      	ST   -Y,R26
00017f 81e8      	LD   R30,Y
000180 e0f0      	LDI  R31,0
000181 59ec      	SUBI R30,LOW(-__base_y_G101)
000182 4ffe      	SBCI R31,HIGH(-__base_y_G101)
000183 81e0      	LD   R30,Z
000184 81a9      	LDD  R26,Y+1
000185 0fae      	ADD  R26,R30
000186 dfeb      	RCALL __lcd_write_data
000187 8079      	LDD  R7,Y+1
000188 8068      	LDD  R6,Y+0
000189 9622      	ADIW R28,2
00018a 9508      	RET
                 ; .FEND
                 _lcd_clear:
                 ; .FSTART _lcd_clear
00018b e0a2      	LDI  R26,LOW(2)
00018c 940e 0215 	CALL SUBOPT_0x8
00018e e0ac      	LDI  R26,LOW(12)
00018f dfe2      	RCALL __lcd_write_data
000190 e0a1      	LDI  R26,LOW(1)
000191 940e 0215 	CALL SUBOPT_0x8
000193 e0e0      	LDI  R30,LOW(0)
000194 2e6e      	MOV  R6,R30
000195 2e7e      	MOV  R7,R30
000196 9508      	RET
                 ; .FEND
                 _lcd_putchar:
                 ; .FSTART _lcd_putchar
000197 93aa      	ST   -Y,R26
000198 81a8      	LD   R26,Y
000199 30aa      	CPI  R26,LOW(0xA)
00019a f011      	BREQ _0x2020005
00019b 1479      	CP   R7,R9
00019c f048      	BRLO _0x2020004
                 _0x2020005:
00019d e0e0      	LDI  R30,LOW(0)
00019e 93ea      	ST   -Y,R30
00019f 9463      	INC  R6
0001a0 2da6      	MOV  R26,R6
0001a1 dfdc      	RCALL _lcd_gotoxy
0001a2 81a8      	LD   R26,Y
0001a3 30aa      	CPI  R26,LOW(0xA)
0001a4 f409      	BRNE _0x2020007
0001a5 c045      	RJMP _0x20A0001
                 _0x2020007:
                 _0x2020004:
0001a6 9473      	INC  R7
0001a7 9aa8      	SBI  0x15,0
0001a8 81a8      	LD   R26,Y
0001a9 dfc8      	RCALL __lcd_write_data
0001aa 98a8      	CBI  0x15,0
0001ab c03f      	RJMP _0x20A0001
                 ; .FEND
                 _lcd_putsf:
                 ; .FSTART _lcd_putsf
0001ac 93ba      	ST   -Y,R27
0001ad 93aa      	ST   -Y,R26
0001ae 931a      	ST   -Y,R17
                 _0x202000B:
0001af 81e9      	LDD  R30,Y+1
0001b0 81fa      	LDD  R31,Y+1+1
0001b1 9631      	ADIW R30,1
0001b2 83e9      	STD  Y+1,R30
0001b3 83fa      	STD  Y+1+1,R31
0001b4 9731      	SBIW R30,1
0001b5 91e4      	LPM  R30,Z
0001b6 2f1e      	MOV  R17,R30
0001b7 30e0      	CPI  R30,0
0001b8 f019      	BREQ _0x202000D
0001b9 2fa1      	MOV  R26,R17
0001ba dfdc      	RCALL _lcd_putchar
0001bb cff3      	RJMP _0x202000B
                 _0x202000D:
0001bc 8118      	LDD  R17,Y+0
0001bd 9623      	ADIW R28,3
0001be 9508      	RET
                 ; .FEND
                 _lcd_init:
                 ; .FSTART _lcd_init
0001bf 93aa      	ST   -Y,R26
0001c0 b3e4      	IN   R30,0x14
0001c1 6fe0      	ORI  R30,LOW(0xF0)
0001c2 bbe4      	OUT  0x14,R30
0001c3 9aa2      	SBI  0x14,2
0001c4 9aa0      	SBI  0x14,0
0001c5 9aa1      	SBI  0x14,1
0001c6 98aa      	CBI  0x15,2
0001c7 98a8      	CBI  0x15,0
0001c8 98a9      	CBI  0x15,1
0001c9 8098      	LDD  R9,Y+0
0001ca 81e8      	LD   R30,Y
0001cb 58e0      	SUBI R30,-LOW(128)
                +
0001cc 93e0 0166+STS __base_y_G101 + ( 2 ) , R30
                 	__PUTB1MN __base_y_G101,2
0001ce 81e8      	LD   R30,Y
0001cf 54e0      	SUBI R30,-LOW(192)
                +
0001d0 93e0 0167+STS __base_y_G101 + ( 3 ) , R30
                 	__PUTB1MN __base_y_G101,3
0001d2 e1a4      	LDI  R26,LOW(20)
0001d3 e0b0      	LDI  R27,0
0001d4 940e 0223 	CALL _delay_ms
0001d6 940e 021b 	CALL SUBOPT_0x9
0001d8 940e 021b 	CALL SUBOPT_0x9
0001da 940e 021b 	CALL SUBOPT_0x9
0001dc e2a0      	LDI  R26,LOW(32)
0001dd df80      	RCALL __lcd_write_nibble_G101
                +
0001de ec88     +LDI R24 , LOW ( 200 )
0001df e090     +LDI R25 , HIGH ( 200 )
                +__DELAY_USW_LOOP :
0001e0 9701     +SBIW R24 , 1
0001e1 f7f1     +BRNE __DELAY_USW_LOOP
                 	__DELAY_USW 200
0001e2 e2a8      	LDI  R26,LOW(40)
0001e3 df8e      	RCALL __lcd_write_data
0001e4 e0a4      	LDI  R26,LOW(4)
0001e5 df8c      	RCALL __lcd_write_data
0001e6 e8a5      	LDI  R26,LOW(133)
0001e7 df8a      	RCALL __lcd_write_data
0001e8 e0a6      	LDI  R26,LOW(6)
0001e9 df88      	RCALL __lcd_write_data
0001ea dfa0      	RCALL _lcd_clear
                 _0x20A0001:
0001eb 9621      	ADIW R28,1
0001ec 9508      	RET
                 ; .FEND
                 
                 	.CSEG
                 
                 	.CSEG
                 
                 	.CSEG
                 
                 	.DSEG
                 __seed_G100:
000160           	.BYTE 0x4
                 __base_y_G101:
000164           	.BYTE 0x4
                 
                 	.CSEG
                 ;OPTIMIZER ADDED SUBROUTINE, CALLED 4 TIMES, CODE SIZE REDUCTION:3 WORDS
                 SUBOPT_0x0:
0001ed e0a0      	LDI  R26,LOW(0)
0001ee 940e 0073 	CALL _read_adc
0001f0 9735      	SBIW R30,5
0001f1 9508      	RET
                 
                 ;OPTIMIZER ADDED SUBROUTINE, CALLED 4 TIMES, CODE SIZE REDUCTION:3 WORDS
                 SUBOPT_0x1:
0001f2 e0a7      	LDI  R26,LOW(7)
0001f3 940e 0073 	CALL _read_adc
0001f5 9735      	SBIW R30,5
0001f6 9508      	RET
                 
                 ;OPTIMIZER ADDED SUBROUTINE, CALLED 4 TIMES, CODE SIZE REDUCTION:3 WORDS
                 SUBOPT_0x2:
0001f7 e0a1      	LDI  R26,LOW(1)
0001f8 940e 0073 	CALL _read_adc
0001fa 9735      	SBIW R30,5
0001fb 9508      	RET
                 
                 ;OPTIMIZER ADDED SUBROUTINE, CALLED 4 TIMES, CODE SIZE REDUCTION:3 WORDS
                 SUBOPT_0x3:
0001fc e0a2      	LDI  R26,LOW(2)
0001fd 940e 0073 	CALL _read_adc
0001ff 9735      	SBIW R30,5
000200 9508      	RET
                 
                 ;OPTIMIZER ADDED SUBROUTINE, CALLED 4 TIMES, CODE SIZE REDUCTION:3 WORDS
                 SUBOPT_0x4:
000201 e0a3      	LDI  R26,LOW(3)
000202 940e 0073 	CALL _read_adc
000204 9735      	SBIW R30,5
000205 9508      	RET
                 
                 ;OPTIMIZER ADDED SUBROUTINE, CALLED 4 TIMES, CODE SIZE REDUCTION:3 WORDS
                 SUBOPT_0x5:
000206 e0a4      	LDI  R26,LOW(4)
000207 940e 0073 	CALL _read_adc
000209 9735      	SBIW R30,5
00020a 9508      	RET
                 
                 ;OPTIMIZER ADDED SUBROUTINE, CALLED 4 TIMES, CODE SIZE REDUCTION:3 WORDS
                 SUBOPT_0x6:
00020b e0a5      	LDI  R26,LOW(5)
00020c 940e 0073 	CALL _read_adc
00020e 9735      	SBIW R30,5
00020f 9508      	RET
                 
                 ;OPTIMIZER ADDED SUBROUTINE, CALLED 4 TIMES, CODE SIZE REDUCTION:3 WORDS
                 SUBOPT_0x7:
000210 e0a6      	LDI  R26,LOW(6)
000211 940e 0073 	CALL _read_adc
000213 9735      	SBIW R30,5
000214 9508      	RET
                 
                 ;OPTIMIZER ADDED SUBROUTINE, CALLED 2 TIMES, CODE SIZE REDUCTION:1 WORDS
                 SUBOPT_0x8:
000215 940e 0172 	CALL __lcd_write_data
000217 e0a3      	LDI  R26,LOW(3)
000218 e0b0      	LDI  R27,0
000219 940c 0223 	JMP  _delay_ms
                 
                 ;OPTIMIZER ADDED SUBROUTINE, CALLED 3 TIMES, CODE SIZE REDUCTION:7 WORDS
                 SUBOPT_0x9:
00021b e3a0      	LDI  R26,LOW(48)
00021c 940e 015e 	CALL __lcd_write_nibble_G101
                +
00021e ec88     +LDI R24 , LOW ( 200 )
00021f e090     +LDI R25 , HIGH ( 200 )
                +__DELAY_USW_LOOP :
000220 9701     +SBIW R24 , 1
000221 f7f1     +BRNE __DELAY_USW_LOOP
                 	__DELAY_USW 200
000222 9508      	RET
                 
                 
                 	.CSEG
                 _delay_ms:
000223 9610      	adiw r26,0
000224 f039      	breq __delay_ms1
                 __delay_ms0:
                +
000225 ed80     +LDI R24 , LOW ( 0x7D0 )
000226 e097     +LDI R25 , HIGH ( 0x7D0 )
                +__DELAY_USW_LOOP :
000227 9701     +SBIW R24 , 1
000228 f7f1     +BRNE __DELAY_USW_LOOP
                 	__DELAY_USW 0x7D0
000229 95a8      	wdr
00022a 9711      	sbiw r26,1
00022b f7c9      	brne __delay_ms0
                 __delay_ms1:
00022c 9508      	ret
                 
                 ;END OF CODE MARKER
                 __END_OF_CODE:


RESOURCE USE INFORMATION
------------------------

Notice:
The register and instruction counts are symbol table hit counts,
and hence implicitly used resources are not counted, eg, the
'lpm' instruction without operands implicitly uses r0 and z,
none of which are counted.

x,y,z are separate entities in the symbol table and are
counted separately from r26..r31 here.

.dseg memory usage only counts static data declared with .byte

ATmega16 register use summary:
r0 :   4 r1 :   1 r2 :   0 r3 :   0 r4 :   0 r5 :   0 r6 :   4 r7 :   4 
r8 :   0 r9 :   2 r10:   0 r11:   0 r12:   0 r13:   0 r14:   0 r15:   0 
r16:   0 r17:   4 r18:   0 r19:   0 r20:   0 r21:   0 r22:   2 r23:   0 
r24:  23 r25:   5 r26:  61 r27:  21 r28:   4 r29:   1 r30: 101 r31:   8 
x  :   3 y  :  31 z  :   9 
Registers used: 18 out of 35 (51.4%)

ATmega16 instruction use summary:
.lds  :   0 .lds.l:   0 .sts  :   0 .sts.l:   0 adc   :   0 add   :   1 
adiw  :   5 and   :   0 andi  :   2 asr   :   0 bclr  :   0 bld   :   0 
brbc  :   0 brbs  :   0 brcc  :   0 brcs  :   0 break :   0 breq  :   4 
brge  :   0 brhc  :   0 brhs  :   0 brid  :   0 brie  :   0 brlo  :  17 
brlt  :   0 brmi  :   0 brne  :  13 brpl  :   0 brsh  :  16 brtc  :   0 
brts  :   0 brvc  :   0 brvs  :   0 bset  :   0 bst   :   0 call  :  65 
cbi   :   5 cbr   :   0 clc   :   0 clh   :   0 cli   :   1 cln   :   0 
clr   :   2 cls   :   0 clt   :   0 clv   :   0 clz   :   0 com   :   0 
cp    :   1 cpc   :   0 cpi   :   3 cpse  :   0 dec   :   6 des   :   0 
eor   :   0 fmul  :   0 fmuls :   0 fmulsu:   0 icall :   0 ijmp  :   0 
in    :   4 inc   :   2 jmp   :  23 ld    :  12 ldd   :   7 ldi   :  85 
lds   :   0 lpm   :   9 lsl   :   0 lsr   :   0 mov   :   6 movw  :   3 
mul   :   0 muls  :   0 mulsu :   0 neg   :   0 nop   :   0 or    :   1 
ori   :   2 out   :  44 pop   :   0 push  :   0 rcall :  13 ret   :  14 
reti  :   0 rjmp  :  26 rol   :   0 ror   :   0 sbc   :   0 sbci  :   1 
sbi   :   7 sbic  :   0 sbis  :   1 sbiw  :  16 sbr   :   0 sbrc  :   0 
sbrs  :   0 sec   :   0 seh   :   0 sei   :   0 sen   :   0 ser   :   0 
ses   :   0 set   :   0 sev   :   0 sez   :   0 sleep :   0 spm   :   0 
st    :  14 std   :   2 sts   :   2 sub   :   0 subi  :   3 swap  :   1 
tst   :   0 wdr   :   1 
Instructions used: 39 out of 116 (33.6%)

ATmega16 memory use summary [bytes]:
Segment   Begin    End      Code   Data   Used    Size   Use%
---------------------------------------------------------------
[.cseg] 0x000000 0x00045a   1058     56   1114   16384   6.8%
[.dseg] 0x000060 0x000168      0      8      8    1024   0.8%
[.eseg] 0x000000 0x000000      0      0      0     512   0.0%

Assembly complete, 0 errors, 7 warnings
